<?xml version="1.0" encoding="UTF-8"?>
<testng-results skipped="0" failed="0" total="1" passed="1">
  <reporter-output>
  </reporter-output>
  <suite name="Default suite" duration-ms="18956" started-at="2014-04-25T15:48:45Z" finished-at="2014-04-25T15:49:04Z">
    <groups>
    </groups>
    <test name="Default test" duration-ms="18956" started-at="2014-04-25T15:48:45Z" finished-at="2014-04-25T15:49:04Z">
      <class name="seleniumcookbook.test.pageobjects.LoginTest">
        <test-method status="PASS" signature="beforeClass()[pri:0, instance:seleniumcookbook.test.pageobjects.LoginTest@11b0f38a]" name="beforeClass" is-config="true" duration-ms="15073" started-at="2014-04-25T12:48:45Z" finished-at="2014-04-25T12:49:00Z">
          <reporter-output>
          </reporter-output>
        </test-method> <!-- beforeClass -->
        <test-method status="PASS" signature="setUp()[pri:0, instance:seleniumcookbook.test.pageobjects.LoginTest@11b0f38a]" name="setUp" duration-ms="3859" started-at="2014-04-25T12:49:00Z" finished-at="2014-04-25T12:49:04Z">
          <reporter-output>
          </reporter-output>
        </test-method> <!-- setUp -->
        <test-method status="PASS" signature="afterClass()[pri:0, instance:seleniumcookbook.test.pageobjects.LoginTest@11b0f38a]" name="afterClass" is-config="true" duration-ms="0" started-at="2014-04-25T12:49:04Z" finished-at="2014-04-25T12:49:04Z">
          <reporter-output>
          </reporter-output>
        </test-method> <!-- afterClass -->
        <test-method status="PASS" signature="afterTest()[pri:0, instance:seleniumcookbook.test.pageobjects.LoginTest@11b0f38a]" name="afterTest" is-config="true" duration-ms="1" started-at="2014-04-25T12:49:04Z" finished-at="2014-04-25T12:49:04Z">
          <reporter-output>
          </reporter-output>
        </test-method> <!-- afterTest -->
      </class> <!-- seleniumcookbook.test.pageobjects.LoginTest -->
    </test> <!-- Default test -->
  </suite> <!-- Default suite -->
</testng-results>
